          ok  Starting native_osx for sync sf-demo_sync
          ok  sf-demo_sync container still running, restarting unison in container
     command  docker exec sf-demo_sync supervisorctl restart unison
unison: stopped
unison: started
          ok  starting initial sync of sf-demo_sync
     success  Sync container started
     success  Showing unison logs from your sync container: sf-demo_sync
[2019-07-31 19:01:17 +0200] Sync Log:  UNISON 2.51.2 (OCAML 4.06.1) started propagating changes at 19:01:16.81 on 31 Jul 2019
[2019-07-31 19:01:17 +0200] Sync Log:  [BGN] Updating file docker-compose.yml from /host_sync to /app_sync
[2019-07-31 19:01:17 +0200] Sync Log:  [END] Updating file docker-compose.yml
[2019-07-31 19:01:17 +0200] Sync Log:  UNISON 2.51.2 (OCAML 4.06.1) finished propagating changes at 19:01:16.82 on 31 Jul 2019
[2019-07-31 19:01:17 +0200] Sync Log:  Synchronization complete at 19:01:16  (1 item transferred, 0 skipped, 0 failed)
          ok  Starting native_osx for sync sf-demo_sync
          ok  sf-demo_sync container still running, restarting unison in container
     command  docker exec sf-demo_sync supervisorctl restart unison
unison: stopped
unison: started
          ok  starting initial sync of sf-demo_sync
     success  Sync container started
     success  Showing unison logs from your sync container: sf-demo_sync
          ok  Starting native_osx for sync sf-demo_sync
          ok  sf-demo_sync container still running, restarting unison in container
     command  docker exec sf-demo_sync supervisorctl restart unison
unison: stopped
unison: started
          ok  starting initial sync of sf-demo_sync
     success  Sync container started
     success  Showing unison logs from your sync container: sf-demo_sync
[2019-07-31 19:02:53 +0200] Sync Log:  UNISON 2.51.2 (OCAML 4.06.1) started propagating changes at 19:02:53.55 on 31 Jul 2019
[2019-07-31 19:02:53 +0200] Sync Log:  [BGN] Updating file docker-compose.yml from /host_sync to /app_sync
[2019-07-31 19:02:53 +0200] Sync Log:  [END] Updating file docker-compose.yml
[2019-07-31 19:02:53 +0200] Sync Log:  UNISON 2.51.2 (OCAML 4.06.1) finished propagating changes at 19:02:53.56 on 31 Jul 2019
[2019-07-31 19:02:53 +0200] Sync Log:  Synchronization complete at 19:02:53  (1 item transferred, 0 skipped, 0 failed)
          ok  Starting native_osx for sync sf-demo_sync
          ok  sf-demo_sync container still running, restarting unison in container
     command  docker exec sf-demo_sync supervisorctl restart unison
unison: stopped
unison: started
          ok  starting initial sync of sf-demo_sync
     success  Sync container started
     success  Showing unison logs from your sync container: sf-demo_sync
[2019-07-31 19:09:50 +0200] Sync Log:  UNISON 2.51.2 (OCAML 4.06.1) started propagating changes at 19:09:49.67 on 31 Jul 2019
[2019-07-31 19:09:50 +0200] Sync Log:  [BGN] Updating file docker-sync.yml from /host_sync to /app_sync
[2019-07-31 19:09:50 +0200] Sync Log:  [END] Updating file docker-sync.yml
[2019-07-31 19:09:50 +0200] Sync Log:  UNISON 2.51.2 (OCAML 4.06.1) finished propagating changes at 19:09:49.68 on 31 Jul 2019
[2019-07-31 19:09:50 +0200] Sync Log:  Synchronization complete at 19:09:49  (1 item transferred, 0 skipped, 0 failed)
[2019-07-31 19:09:59 +0200] Sync Log:  UNISON 2.51.2 (OCAML 4.06.1) started propagating changes at 19:09:58.71 on 31 Jul 2019
[2019-07-31 19:09:59 +0200] Sync Log:  [BGN] Updating file docker-compose.yml from /host_sync to /app_sync
[2019-07-31 19:09:59 +0200] Sync Log:  [END] Updating file docker-compose.yml
[2019-07-31 19:09:59 +0200] Sync Log:  UNISON 2.51.2 (OCAML 4.06.1) finished propagating changes at 19:09:58.71 on 31 Jul 2019
[2019-07-31 19:09:59 +0200] Sync Log:  Synchronization complete at 19:09:58  (1 item transferred, 0 skipped, 0 failed)
          ok  Starting native_osx for sync source_sync
          ok  source_sync container still running, restarting unison in container
     command  docker exec source_sync supervisorctl restart unison
unison: stopped
unison: started
          ok  starting initial sync of source_sync
     success  Sync container started
     success  Showing unison logs from your sync container: source_sync
[2019-07-31 19:11:11 +0200] Sync Log:  UNISON 2.51.2 (OCAML 4.06.1) started propagating changes at 19:11:10.37 on 31 Jul 2019
[2019-07-31 19:11:11 +0200] Sync Log:  [BGN] Updating file docker-sync.yml from /host_sync to /app_sync
[2019-07-31 19:11:11 +0200] Sync Log:  [END] Updating file docker-sync.yml
[2019-07-31 19:11:11 +0200] Sync Log:  UNISON 2.51.2 (OCAML 4.06.1) finished propagating changes at 19:11:10.38 on 31 Jul 2019
[2019-07-31 19:11:11 +0200] Sync Log:  Synchronization complete at 19:11:10  (1 item transferred, 0 skipped, 0 failed)
          ok  Starting native_osx for sync source_sync
          ok  source_sync container still running, restarting unison in container
     command  docker exec source_sync supervisorctl restart unison
unison: stopped
unison: started
          ok  starting initial sync of source_sync
     success  Sync container started
     success  Showing unison logs from your sync container: source_sync
[2019-07-31 19:14:57 +0200] Sync Log:  UNISON 2.51.2 (OCAML 4.06.1) started propagating changes at 19:14:56.90 on 31 Jul 2019
[2019-07-31 19:14:57 +0200] Sync Log:  [BGN] Updating file tools/start.sh from /host_sync to /app_sync
[2019-07-31 19:14:57 +0200] Sync Log:  [END] Updating file tools/start.sh
[2019-07-31 19:14:57 +0200] Sync Log:  UNISON 2.51.2 (OCAML 4.06.1) finished propagating changes at 19:14:56.91 on 31 Jul 2019
[2019-07-31 19:14:57 +0200] Sync Log:  Synchronization complete at 19:14:56  (1 item transferred, 0 skipped, 0 failed)
[2019-07-31 19:18:27 +0200] Sync Log:  UNISON 2.51.2 (OCAML 4.06.1) started propagating changes at 19:18:27.58 on 31 Jul 2019
[2019-07-31 19:18:27 +0200] Sync Log:  [BGN] Updating file var/log/dev.log from /app_sync to /host_sync
[2019-07-31 19:18:27 +0200] Sync Log:  [END] Updating file var/log/dev.log
[2019-07-31 19:18:27 +0200] Sync Log:  UNISON 2.51.2 (OCAML 4.06.1) finished propagating changes at 19:18:27.61 on 31 Jul 2019
[2019-07-31 19:18:27 +0200] Sync Log:  Synchronization complete at 19:18:27  (1 item transferred, 0 skipped, 0 failed)
[2019-07-31 19:18:31 +0200] Sync Log:  UNISON 2.51.2 (OCAML 4.06.1) started propagating changes at 19:18:31.23 on 31 Jul 2019
[2019-07-31 19:18:31 +0200] Sync Log:  [BGN] Updating file var/log/dev.log from /app_sync to /host_sync
[2019-07-31 19:18:31 +0200] Sync Log:  [END] Updating file var/log/dev.log
[2019-07-31 19:18:31 +0200] Sync Log:  UNISON 2.51.2 (OCAML 4.06.1) finished propagating changes at 19:18:31.25 on 31 Jul 2019
[2019-07-31 19:18:31 +0200] Sync Log:  Synchronization complete at 19:18:31  (1 item transferred, 0 skipped, 0 failed)
[2019-07-31 19:18:39 +0200] Sync Log:  UNISON 2.51.2 (OCAML 4.06.1) started propagating changes at 19:18:39.46 on 31 Jul 2019
[2019-07-31 19:18:39 +0200] Sync Log:  [BGN] Updating file var/log/dev.log from /app_sync to /host_sync
[2019-07-31 19:18:39 +0200] Sync Log:  [END] Updating file var/log/dev.log
[2019-07-31 19:18:39 +0200] Sync Log:  UNISON 2.51.2 (OCAML 4.06.1) finished propagating changes at 19:18:39.49 on 31 Jul 2019
[2019-07-31 19:18:39 +0200] Sync Log:  Synchronization complete at 19:18:39  (1 item transferred, 0 skipped, 0 failed)
[2019-07-31 19:18:43 +0200] Sync Log:  UNISON 2.51.2 (OCAML 4.06.1) started propagating changes at 19:18:42.79 on 31 Jul 2019
[2019-07-31 19:18:43 +0200] Sync Log:  [BGN] Updating file var/log/dev.log from /app_sync to /host_sync
[2019-07-31 19:18:43 +0200] Sync Log:  [END] Updating file var/log/dev.log
[2019-07-31 19:18:43 +0200] Sync Log:  UNISON 2.51.2 (OCAML 4.06.1) finished propagating changes at 19:18:42.82 on 31 Jul 2019
[2019-07-31 19:18:43 +0200] Sync Log:  Synchronization complete at 19:18:42  (1 item transferred, 0 skipped, 0 failed)
[2019-07-31 19:18:46 +0200] Sync Log:  UNISON 2.51.2 (OCAML 4.06.1) started propagating changes at 19:18:46.13 on 31 Jul 2019
[2019-07-31 19:18:46 +0200] Sync Log:  [BGN] Updating file var/log/dev.log from /app_sync to /host_sync
[2019-07-31 19:18:46 +0200] Sync Log:  [END] Updating file var/log/dev.log
[2019-07-31 19:18:46 +0200] Sync Log:  UNISON 2.51.2 (OCAML 4.06.1) finished propagating changes at 19:18:46.15 on 31 Jul 2019
[2019-07-31 19:18:46 +0200] Sync Log:  Synchronization complete at 19:18:46  (1 item transferred, 0 skipped, 0 failed)
[2019-07-31 19:19:00 +0200] Sync Log:  UNISON 2.51.2 (OCAML 4.06.1) started propagating changes at 19:19:00.27 on 31 Jul 2019
[2019-07-31 19:19:00 +0200] Sync Log:  [BGN] Updating file var/log/dev.log from /app_sync to /host_sync
[2019-07-31 19:19:00 +0200] Sync Log:  [END] Updating file var/log/dev.log
[2019-07-31 19:19:00 +0200] Sync Log:  UNISON 2.51.2 (OCAML 4.06.1) finished propagating changes at 19:19:00.30 on 31 Jul 2019
[2019-07-31 19:19:00 +0200] Sync Log:  Synchronization complete at 19:19:00  (1 item transferred, 0 skipped, 0 failed)
[2019-07-31 19:19:02 +0200] Sync Log:  UNISON 2.51.2 (OCAML 4.06.1) started propagating changes at 19:19:02.38 on 31 Jul 2019
[2019-07-31 19:19:02 +0200] Sync Log:  [BGN] Updating file var/log/dev.log from /app_sync to /host_sync
[2019-07-31 19:19:02 +0200] Sync Log:  [END] Updating file var/log/dev.log
[2019-07-31 19:19:02 +0200] Sync Log:  UNISON 2.51.2 (OCAML 4.06.1) finished propagating changes at 19:19:02.41 on 31 Jul 2019
[2019-07-31 19:19:02 +0200] Sync Log:  Synchronization complete at 19:19:02  (1 item transferred, 0 skipped, 0 failed)
[2019-07-31 19:19:08 +0200] Sync Log:  UNISON 2.51.2 (OCAML 4.06.1) started propagating changes at 19:19:08.32 on 31 Jul 2019
[2019-07-31 19:19:08 +0200] Sync Log:  [BGN] Updating file var/log/dev.log from /app_sync to /host_sync
[2019-07-31 19:19:08 +0200] Sync Log:  [END] Updating file var/log/dev.log
[2019-07-31 19:19:08 +0200] Sync Log:  UNISON 2.51.2 (OCAML 4.06.1) finished propagating changes at 19:19:08.34 on 31 Jul 2019
[2019-07-31 19:19:08 +0200] Sync Log:  Synchronization complete at 19:19:08  (1 item transferred, 0 skipped, 0 failed)
[2019-07-31 19:19:41 +0200] Sync Log:  UNISON 2.51.2 (OCAML 4.06.1) started propagating changes at 19:19:41.39 on 31 Jul 2019
[2019-07-31 19:19:41 +0200] Sync Log:  [BGN] Updating file var/log/dev.log from /app_sync to /host_sync
[2019-07-31 19:19:41 +0200] Sync Log:  [END] Updating file var/log/dev.log
[2019-07-31 19:19:41 +0200] Sync Log:  UNISON 2.51.2 (OCAML 4.06.1) finished propagating changes at 19:19:41.41 on 31 Jul 2019
[2019-07-31 19:19:41 +0200] Sync Log:  Synchronization complete at 19:19:41  (1 item transferred, 0 skipped, 0 failed)
[2019-07-31 19:28:19 +0200] Sync Log:  UNISON 2.51.2 (OCAML 4.06.1) started propagating changes at 19:28:19.66 on 31 Jul 2019
[2019-07-31 19:28:19 +0200] Sync Log:  [BGN] Updating file tools/start.sh from /host_sync to /app_sync
[2019-07-31 19:28:19 +0200] Sync Log:  [END] Updating file tools/start.sh
[2019-07-31 19:28:19 +0200] Sync Log:  UNISON 2.51.2 (OCAML 4.06.1) finished propagating changes at 19:28:19.67 on 31 Jul 2019
[2019-07-31 19:28:19 +0200] Sync Log:  Synchronization complete at 19:28:19  (1 item transferred, 0 skipped, 0 failed)
          ok  Starting native_osx for sync source_sync
          ok  source_sync container still running, restarting unison in container
     command  docker exec source_sync supervisorctl restart unison
unison: stopped
unison: started
          ok  starting initial sync of source_sync
     success  Sync container started
     success  Showing unison logs from your sync container: source_sync
[2019-07-31 19:30:17 +0200] Sync Log:  UNISON 2.51.2 (OCAML 4.06.1) started propagating changes at 19:30:17.83 on 31 Jul 2019
[2019-07-31 19:30:17 +0200] Sync Log:  [BGN] Updating file var/log/dev.log from /app_sync to /host_sync
[2019-07-31 19:30:17 +0200] Sync Log:  [END] Updating file var/log/dev.log
[2019-07-31 19:30:17 +0200] Sync Log:  UNISON 2.51.2 (OCAML 4.06.1) finished propagating changes at 19:30:17.85 on 31 Jul 2019
[2019-07-31 19:30:18 +0200] Sync Log:  Synchronization complete at 19:30:17  (1 item transferred, 0 skipped, 0 failed)
